Arguments: 
  D:\node.js\node.exe C:\Users\向俊杰\AppData\Roaming\npm\node_modules\yarn\bin\yarn.js

PATH: 
  C:\Program Files\Google\Chrome\Application;C:\Python310\Scripts\;C:\Python310\;D:\Vmware\bin\;C:\Program Files (x86)\Common Files\Oracle\Java\javapath;C:\Program Files (x86)\NetSarang\Xshell 6\;C:\Program Files (x86)\Intel\iCLS Client\;C:\Program Files\Intel\iCLS Client\;C:\WINDOWS\system32;C:\WINDOWS;C:\WINDOWS\System32\Wbem;C:\WINDOWS\System32\WindowsPowerShell\v1.0\;C:\Program Files (x86)\Intel\Intel(R) Management Engine Components\DAL;C:\Program Files\Intel\Intel(R) Management Engine Components\DAL;C:\Program Files (x86)\Intel\Intel(R) Management Engine Components\IPT;C:\Program Files\Intel\Intel(R) Management Engine Components\IPT;C:\WINDOWS\system32;C:\WINDOWS;C:\WINDOWS\System32\Wbem;C:\WINDOWS\System32\WindowsPowerShell\v1.0\;C:\WINDOWS\System32\OpenSSH\;C:\Program Files\Java\jdk1.8.0_77\bin;C:\Program Files\Common Files\Autodesk Shared\;C:\Program Files\Microsoft SQL Server\110\Tools\Binn\;c:\Program Files (x86)\Microsoft SQL Server\110\Tools\Binn\;c:\Program Files\Microsoft SQL Server\110\DTS\Binn\;C:\Program Files\dotnet\;C:\Python27\;C:\Program Files (x86)\GtkSharp\2.12\bin;l\110\Tools\Binn\;c:\sql1\110\Tools\Binn\;c:\Program Files (x86)\Microsoft SQL Server\110\Tools\Binn\ManagementStudio\;c:\Program Files (x86)\Microsoft Visual Studio 10.0\Common7\IDE\PrivateAssemblies\;c:\Program Files (x86)\Microsoft SQL Server\110\DTS\Binn\;C:\Program Files\Microsoft SQL Server\130\Tools\Binn\;C:\Program Files (x86)\Lua\5.1;C:\Program Files (x86)\Lua\5.1\clibs;C:\phpstudy_pro\Extensions\php\php7.3.4nts;C:\layagame\python;E:\web\python\Scripts;D:\gradle\gradle-6.1.1\bin;E:\maven\apache-maven-3.6.3-bin\apache-maven-3.6.3\bin;C:\新建文件夹\Git\cmd;D:\Mysql\Mysql\mysql-8.0.22-winx64;D:\MinGW\bin;D:\Androidstudiotool\tools;D:\Androidstudiotool\platform-tools;D:\Redis\;D:\Go\bin;D:\C++\qt\5.12.0\msvc2017_64\bin;D:\Visual Studio2017\Ide\VC\Tools\MSVC\14.27.29110\bin\Hostx64\x86;D:\MinGW\mingw32\bin;C:\ProgramData\chocolatey\bin;C:\Users\向俊杰\AppData\Roaming\nvm;C:\Program Files\nodejs;D:\node.js\;C:\Users\向俊杰\AppData\Local\Programs\Python\Python39\Scripts\;C:\Users\向俊杰\AppData\Local\Programs\Python\Python39\;D:\Mysql\Mysql\mysql-8.0.22-winx64\bin;C:\Cocos\Cocos2d-x\Cocos2d-x-3.10\templates;C:\Cocos\Cocos2d-x\Cocos2d-x-3.10\tools\cocos2d-console\bin;\cocos2d-x-3.17.1\templates;C:\Users\向俊杰\AppData\Local\Microsoft\WindowsApps;C:\phpstudy_pro\Extensions\php\php7.3.4nts;D:\idea\idea\IntelliJ IDEA 2021.1.1\bin;C:\Users\向俊杰\.dotnet\tools;D:\cocos2d-x\Cmake\bin;D:\idea\IntelliJ IDEA Community Edition 2020.3.1\bin;D:\Mysql\mysql-8.0.22-winx64\bin;D:\MinGW\bin;C:\Users\向俊杰\AppData\Roaming\Microsoft\Windows\Start Menu\Programs\Python 3.9;D:\Fiddler4\Fiddler;C:\Users\向俊杰\go\bin;C:\Users\向俊杰\AppData\Roaming\nvm;C:\Program Files\nodejs;C:\Users\向俊杰\AppData\Roaming\npm;D:\Visual Studio2017\code\Microsoft VS Code\bin

Yarn version: 
  1.22.19

Node version: 
  18.4.0

Platform: 
  win32 x64

Trace: 
  Error: ENOENT: no such file or directory, copyfile 'C:\Users\向俊杰\AppData\Local\Yarn\Cache\v6\npm-ansi-styles-3.2.1-41fbb20243e50b12be0f04b8dedbf07520ce841d-integrity\node_modules\ansi-styles\index.js' -> 'D:\Vue\Vue3\XXUI\node_modules\@babel\highlight\node_modules\ansi-styles\index.js'

npm manifest: 
  {
      "name": "ll",
      "version": "0.0.0",
      "description": "> TODO: description",
      "author": "xjj123 <2873732860@qq.com>",
      "homepage": "",
      "license": "ISC",
      "main": "lib/componets/index.js",
      "directories": {
          "lib": "lib",
          "test": "__tests__"
      },
      "files": [
          "lib"
      ],
      "scripts": {
          "test": "node ./__tests__/ll.test.js"
      }
  }

yarn manifest: 
  No manifest

Lockfile: 
  No lockfile
